2023-08-06 07:35:06.123169 - Initialized conversion of CBT789
2023-08-06 07:35:06.309104 - Received CBT.V505.FILE789.PDS from FILE789.XMI 
2023-08-06 07:35:06.311488 - Found $$$#DATE.txt (text/plain) in CBT.V505.FILE789.PDS, moved to PDS/$$$#DATE
2023-08-06 07:35:06.312746 - Found $$NOTE01.txt (text/plain) in CBT.V505.FILE789.PDS, moved to PDS/$$NOTE01
2023-08-06 07:35:06.313905 - Found $$NOTE02.txt (text/plain) in CBT.V505.FILE789.PDS, moved to PDS/$$NOTE02
2023-08-06 07:35:06.314807 - Found $LIST.txt (text/plain) in CBT.V505.FILE789.PDS, moved to PDS/$LIST
2023-08-06 07:35:06.315814 - Found @FILE789.txt (text/plain) in CBT.V505.FILE789.PDS, moved to PDS/@FILE789
2023-08-06 07:35:06.316830 - Found DATEX.rexx (text/plain) in CBT.V505.FILE789.PDS, moved to PDS/DATEX
2023-08-06 07:35:06.317728 - Found GDGCOPY.rexx (text/plain) in CBT.V505.FILE789.PDS, moved to PDS/GDGCOPY
2023-08-06 07:35:06.318748 - Found GDGCOPY#.txt (text/plain) in CBT.V505.FILE789.PDS, moved to PDS/GDGCOPY#
2023-08-06 07:35:06.319651 - Found GDGCPROC.txt (text/plain) in CBT.V505.FILE789.PDS, moved to PDS/GDGCPROC
2023-08-06 07:35:06.320529 - Found JCLSCRTL.jcl (text/plain) in CBT.V505.FILE789.PDS, moved to PDS/JCLSCRTL
2023-08-06 07:35:06.321414 - Found JCLSCRTM.jcl (text/plain) in CBT.V505.FILE789.PDS, moved to PDS/JCLSCRTM
2023-08-06 07:35:06.322504 - Found JCLSENDM.jcl (text/plain) in CBT.V505.FILE789.PDS, moved to PDS/JCLSENDM
2023-08-06 07:35:06.323404 - Found REXXEPNL.txt (text/plain) in CBT.V505.FILE789.PDS, moved to PDS/REXXEPNL
2023-08-06 07:35:06.324274 - Found RHELP02.txt (text/plain) in CBT.V505.FILE789.PDS, moved to PDS/RHELP02
2023-08-06 07:35:06.325202 - Found SCRTML.rexx (text/plain) in CBT.V505.FILE789.PDS, moved to PDS/SCRTML
2023-08-06 07:35:06.326047 - Found SCRTMP01.txt (text/plain) in CBT.V505.FILE789.PDS, moved to PDS/SCRTMP01
2023-08-06 07:35:06.326931 - Found SCRTMP02.txt (text/plain) in CBT.V505.FILE789.PDS, moved to PDS/SCRTMP02
2023-08-06 07:35:06.327801 - Found SCRTMP03.txt (text/plain) in CBT.V505.FILE789.PDS, moved to PDS/SCRTMP03
2023-08-06 07:35:06.328683 - Found SCRTMP04.txt (text/plain) in CBT.V505.FILE789.PDS, moved to PDS/SCRTMP04
2023-08-06 07:35:06.329682 - Found SCRTMP05.txt (text/plain) in CBT.V505.FILE789.PDS, moved to PDS/SCRTMP05
2023-08-06 07:35:06.330655 - Found SENDMAIL.rexx (text/plain) in CBT.V505.FILE789.PDS, moved to PDS/SENDMAIL
2023-08-06 07:35:06.331579 - Found SMFPARM.rexx (text/plain) in CBT.V505.FILE789.PDS, moved to PDS/SMFPARM
2023-08-06 07:35:06.332477 - Found TESTMAIL.rexx (text/plain) in CBT.V505.FILE789.PDS, moved to PDS/TESTMAIL
